{
  "RSpec": {
    "coverage": {
      "/home/samsumg/medical_consultation/app/helpers/application_helper.rb": {
        "lines": [
          1,
          null
        ]
      },
      "/home/samsumg/medical_consultation/app/models/doctor.rb": {
        "lines": [
          1,
          null
        ]
      },
      "/home/samsumg/medical_consultation/app/models/application_record.rb": {
        "lines": [
          1,
          1,
          null
        ]
      },
      "/home/samsumg/medical_consultation/app/controllers/doctors_controller.rb": {
        "lines": [
          null,
          null,
          1,
          1,
          5,
          null,
          null
        ]
      },
      "/home/samsumg/medical_consultation/app/controllers/application_controller.rb": {
        "lines": [
          1,
          null
        ]
      }
    },
    "timestamp": 1623611884
  }
}
